<?xml version="1.0" encoding="UTF-8"?>
<testng-results ignored="0" total="1" passed="1" failed="0" skipped="0">
  <reporter-output>
  </reporter-output>
  <suite started-at="2023-03-07T16:37:36 CET" name="Surefire suite" finished-at="2023-03-07T16:37:42 CET" duration-ms="6641">
    <groups>
    </groups>
    <test started-at="2023-03-07T16:37:36 CET" name="Surefire test" finished-at="2023-03-07T16:37:42 CET" duration-ms="6641">
      <class name="com.solera.app.icon.IconTest">
        <test-method signature="iconTest()[pri:0, instance:com.solera.app.icon.IconTest@65f095f8]" started-at="2023-03-07T16:37:36 CET" name="iconTest" finished-at="2023-03-07T16:37:42 CET" duration-ms="6620" status="PASS">
          <reporter-output>
          </reporter-output>
        </test-method> <!-- iconTest -->
      </class> <!-- com.solera.app.icon.IconTest -->
    </test> <!-- Surefire test -->
  </suite> <!-- Surefire suite -->
</testng-results>
